<?xml version="1.0" encoding="UTF-8"?>
<testng-results ignored="0" total="1" passed="1" failed="0" skipped="0">
  <reporter-output>
    <line>
      <![CDATA[ database connected]]>
    </line>
    <line>
      <![CDATA[ Browser Lauched ]]>
    </line>
    <line>
      <![CDATA[ Login in to actitime]]>
    </line>
    <line>
      <![CDATA[ logged out sucessfully]]>
    </line>
    <line>
      <![CDATA[ Close the browser]]>
    </line>
    <line>
      <![CDATA[Database Disconnected]]>
    </line>
  </reporter-output>
  <suite started-at="2023-06-05T10:17:21 IST" name="Default suite" finished-at="2023-06-05T10:18:00 IST" duration-ms="38677">
    <groups>
    </groups>
    <test started-at="2023-06-05T10:17:21 IST" name="Default test" finished-at="2023-06-05T10:18:00 IST" duration-ms="38677">
      <class name="com.Actitime.TestScripts.CreateCustomer">
        <test-method is-config="true" signature="databaseconnection()[pri:0, instance:com.Actitime.TestScripts.CreateCustomer@2b91004a]" started-at="2023-06-05T10:17:21 IST" name="databaseconnection" finished-at="2023-06-05T10:17:21 IST" duration-ms="5" status="PASS">
          <reporter-output>
            <line>
              <![CDATA[ database connected]]>
            </line>
          </reporter-output>
        </test-method> <!-- databaseconnection -->
        <test-method is-config="true" signature="LauchBrowser()[pri:0, instance:com.Actitime.TestScripts.CreateCustomer@2b91004a]" started-at="2023-06-05T10:17:21 IST" name="LauchBrowser" finished-at="2023-06-05T10:17:38 IST" duration-ms="17283" status="PASS">
          <reporter-output>
            <line>
              <![CDATA[ Browser Lauched ]]>
            </line>
          </reporter-output>
        </test-method> <!-- LauchBrowser -->
        <test-method is-config="true" signature="Login()[pri:0, instance:com.Actitime.TestScripts.CreateCustomer@2b91004a]" started-at="2023-06-05T10:17:38 IST" name="Login" finished-at="2023-06-05T10:17:39 IST" duration-ms="296" status="PASS">
          <reporter-output>
            <line>
              <![CDATA[ Login in to actitime]]>
            </line>
          </reporter-output>
        </test-method> <!-- Login -->
        <test-method signature="createcustomer()[pri:0, instance:com.Actitime.TestScripts.CreateCustomer@2b91004a]" started-at="2023-06-05T10:17:39 IST" name="createcustomer" finished-at="2023-06-05T10:17:56 IST" duration-ms="17013" status="PASS">
          <reporter-output>
          </reporter-output>
        </test-method> <!-- createcustomer -->
        <test-method is-config="true" signature="Logout()[pri:0, instance:com.Actitime.TestScripts.CreateCustomer@2b91004a]" started-at="2023-06-05T10:17:56 IST" name="Logout" finished-at="2023-06-05T10:18:00 IST" duration-ms="3905" status="PASS">
          <reporter-output>
            <line>
              <![CDATA[ logged out sucessfully]]>
            </line>
          </reporter-output>
        </test-method> <!-- Logout -->
        <test-method is-config="true" signature="ClosedBrowser()[pri:0, instance:com.Actitime.TestScripts.CreateCustomer@2b91004a]" started-at="2023-06-05T10:18:00 IST" name="ClosedBrowser" finished-at="2023-06-05T10:18:00 IST" duration-ms="151" status="PASS">
          <reporter-output>
            <line>
              <![CDATA[ Close the browser]]>
            </line>
          </reporter-output>
        </test-method> <!-- ClosedBrowser -->
        <test-method is-config="true" signature="DatabaseDisconnected()[pri:0, instance:com.Actitime.TestScripts.CreateCustomer@2b91004a]" started-at="2023-06-05T10:18:00 IST" name="DatabaseDisconnected" finished-at="2023-06-05T10:18:00 IST" duration-ms="0" status="PASS">
          <reporter-output>
            <line>
              <![CDATA[Database Disconnected]]>
            </line>
          </reporter-output>
        </test-method> <!-- DatabaseDisconnected -->
      </class> <!-- com.Actitime.TestScripts.CreateCustomer -->
    </test> <!-- Default test -->
  </suite> <!-- Default suite -->
</testng-results>
